2020-11-05 14:13:16.217  INFO 40194 --- [main] com.sunjh.xiyiji.XiyijiApplication       : Starting XiyijiApplication on sunjhdeMacBook-Pro.local with PID 40194 (/Users/sunjh/IdeaProjects/xiyiji/target/classes started by sunjh in /Users/sunjh/IdeaProjects/xiyiji)
2020-11-05 14:13:16.221  INFO 40194 --- [main] com.sunjh.xiyiji.XiyijiApplication       : No active profile set, falling back to default profiles: default
2020-11-05 14:13:16.770  INFO 40194 --- [main] .s.d.r.c.RepositoryConfigurationDelegate : Bootstrapping Spring Data JPA repositories in DEFERRED mode.
2020-11-05 14:13:16.829  INFO 40194 --- [main] .s.d.r.c.RepositoryConfigurationDelegate : Finished Spring Data repository scanning in 45ms. Found 1 JPA repository interfaces.
2020-11-05 14:13:17.423  INFO 40194 --- [main] o.s.b.w.embedded.tomcat.TomcatWebServer  : Tomcat initialized with port(s): 8080 (http)
2020-11-05 14:13:17.431  INFO 40194 --- [main] o.apache.catalina.core.StandardService   : Starting service [Tomcat]
2020-11-05 14:13:17.431  INFO 40194 --- [main] org.apache.catalina.core.StandardEngine  : Starting Servlet engine: [Apache Tomcat/9.0.38]
2020-11-05 14:13:17.480  INFO 40194 --- [main] o.a.c.c.C.[Tomcat].[localhost].[/]       : Initializing Spring embedded WebApplicationContext
2020-11-05 14:13:17.481  INFO 40194 --- [main] w.s.c.ServletWebServerApplicationContext : Root WebApplicationContext: initialization completed in 1226 ms
2020-11-05 14:13:17.653  INFO 40194 --- [main] o.s.s.concurrent.ThreadPoolTaskExecutor  : Initializing ExecutorService 'applicationTaskExecutor'
2020-11-05 14:13:17.677  INFO 40194 --- [main] com.zaxxer.hikari.HikariDataSource       : HikariPool-1 - Starting...
2020-11-05 14:13:18.261  INFO 40194 --- [main] com.zaxxer.hikari.HikariDataSource       : HikariPool-1 - Start completed.
2020-11-05 14:13:18.286  INFO 40194 --- [task-1] o.hibernate.jpa.internal.util.LogHelper  : HHH000204: Processing PersistenceUnitInfo [name: default]
2020-11-05 14:13:18.312  INFO 40194 --- [task-1] org.hibernate.Version                    : HHH000412: Hibernate ORM core version 5.4.21.Final
2020-11-05 14:13:18.413  WARN 40194 --- [main] JpaBaseConfiguration$JpaWebConfiguration : spring.jpa.open-in-view is enabled by default. Therefore, database queries may be performed during view rendering. Explicitly configure spring.jpa.open-in-view to disable this warning
2020-11-05 14:13:18.427  INFO 40194 --- [task-1] o.hibernate.annotations.common.Version   : HCANN000001: Hibernate Commons Annotations {5.1.0.Final}
2020-11-05 14:13:18.495  INFO 40194 --- [task-1] org.hibernate.dialect.Dialect            : HHH000400: Using dialect: org.hibernate.dialect.MySQL57Dialect
2020-11-05 14:13:18.845  INFO 40194 --- [task-1] o.h.e.t.j.p.i.JtaPlatformInitiator       : HHH000490: Using JtaPlatform implementation: [org.hibernate.engine.transaction.jta.platform.internal.NoJtaPlatform]
2020-11-05 14:13:18.851  INFO 40194 --- [task-1] j.LocalContainerEntityManagerFactoryBean : Initialized JPA EntityManagerFactory for persistence unit 'default'
2020-11-05 14:13:18.949  WARN 40194 --- [main] ion$DefaultTemplateResolverConfiguration : Cannot find template location: classpath:/templates/ (please add some templates or check your Thymeleaf configuration)
2020-11-05 14:13:19.243  INFO 40194 --- [main] o.s.b.w.embedded.tomcat.TomcatWebServer  : Tomcat started on port(s): 8080 (http) with context path ''
2020-11-05 14:13:19.244  INFO 40194 --- [main] DeferredRepositoryInitializationListener : Triggering deferred initialization of Spring Data repositories…
2020-11-05 14:13:19.582  INFO 40194 --- [main] DeferredRepositoryInitializationListener : Spring Data repositories initialized!
2020-11-05 14:13:19.589  INFO 40194 --- [main] com.sunjh.xiyiji.XiyijiApplication       : Started XiyijiApplication in 3.634 seconds (JVM running for 4.042)
2020-11-05 14:13:22.185  INFO 40194 --- [http-nio-8080-exec-2] o.a.c.c.C.[Tomcat].[localhost].[/]       : Initializing Spring DispatcherServlet 'dispatcherServlet'
2020-11-05 14:13:22.185  INFO 40194 --- [http-nio-8080-exec-2] o.s.web.servlet.DispatcherServlet        : Initializing Servlet 'dispatcherServlet'
2020-11-05 14:13:22.197  INFO 40194 --- [http-nio-8080-exec-2] o.s.web.servlet.DispatcherServlet        : Completed initialization in 12 ms
2020-11-05 14:13:22.241  INFO 40194 --- [http-nio-8080-exec-2] c.s.xiyiji.aspect.LogControllerAspect    : ========================================== Start ==========================================
2020-11-05 14:13:22.241  INFO 40194 --- [http-nio-8080-exec-2] c.s.xiyiji.aspect.LogControllerAspect    : URL            : http://127.0.0.1:8080/test/get
2020-11-05 14:13:22.241  INFO 40194 --- [http-nio-8080-exec-2] c.s.xiyiji.aspect.LogControllerAspect    : HTTP Method    : GET
2020-11-05 14:13:22.242  INFO 40194 --- [http-nio-8080-exec-2] c.s.xiyiji.aspect.LogControllerAspect    : Class Method   : com.sunjh.xiyiji.controller.TestController.testGet
2020-11-05 14:13:22.242  INFO 40194 --- [http-nio-8080-exec-2] c.s.xiyiji.aspect.LogControllerAspect    : IP             : 127.0.0.1
2020-11-05 14:13:22.242  INFO 40194 --- [http-nio-8080-exec-2] c.s.xiyiji.aspect.LogControllerAspect    : Request Args   : [1]
2020-11-05 14:13:22.246  INFO 40194 --- [http-nio-8080-exec-2] com.sunjh.xiyiji.aspect.LogLogicAspect   : ========================================== Start ==========================================
2020-11-05 14:13:22.246  INFO 40194 --- [http-nio-8080-exec-2] com.sunjh.xiyiji.aspect.LogLogicAspect   : Signature    : String com.sunjh.xiyiji.logic.impl.TestLogicImpl.sayHello(Long)
2020-11-05 14:13:22.248  INFO 40194 --- [http-nio-8080-exec-2] com.sunjh.xiyiji.aspect.LogLogicAspect   : Args         : [1]
2020-11-05 14:13:22.250  INFO 40194 --- [http-nio-8080-exec-2] c.sunjh.xiyiji.aspect.LogServiceAspect   : ========================================== Start ==========================================
2020-11-05 14:13:22.250  INFO 40194 --- [http-nio-8080-exec-2] c.sunjh.xiyiji.aspect.LogServiceAspect   : Signature    : String com.sunjh.xiyiji.service.impl.TestServiceImpl.sayHello(Long)
2020-11-05 14:13:22.250  INFO 40194 --- [http-nio-8080-exec-2] c.sunjh.xiyiji.aspect.LogServiceAspect   : Args         : [1]
2020-11-05 14:13:22.253  INFO 40194 --- [http-nio-8080-exec-2] com.sunjh.xiyiji.aspect.LogDaoAspect     : ========================================== Start ==========================================
2020-11-05 14:13:22.253  INFO 40194 --- [http-nio-8080-exec-2] com.sunjh.xiyiji.aspect.LogDaoAspect     : Signature    : Test com.sunjh.xiyiji.dao.TestDao.findOneById(Long)
2020-11-05 14:13:22.253  INFO 40194 --- [http-nio-8080-exec-2] com.sunjh.xiyiji.aspect.LogDaoAspect     : Args         : [1]
2020-11-05 14:13:22.419  INFO 40194 --- [http-nio-8080-exec-2] com.sunjh.xiyiji.aspect.LogDaoAspect     : =========================================== End ===========================================
2020-11-05 14:13:22.419  INFO 40194 --- [http-nio-8080-exec-2] com.sunjh.xiyiji.aspect.LogDaoAspect     : Time-Consuming : 166 ms
2020-11-05 14:13:22.420  INFO 40194 --- [http-nio-8080-exec-2] com.sunjh.xiyiji.aspect.LogDaoAspect     : result: Test(id=1, name=shige, value=MF1932001)
2020-11-05 14:13:22.420  INFO 40194 --- [http-nio-8080-exec-2] c.sunjh.xiyiji.aspect.LogServiceAspect   : =========================================== End ===========================================
2020-11-05 14:13:22.420  INFO 40194 --- [http-nio-8080-exec-2] c.sunjh.xiyiji.aspect.LogServiceAspect   : Time-Consuming : 170 ms
2020-11-05 14:13:22.420  INFO 40194 --- [http-nio-8080-exec-2] c.sunjh.xiyiji.aspect.LogServiceAspect   : result: hello service! shige
2020-11-05 14:13:22.420  INFO 40194 --- [http-nio-8080-exec-2] com.sunjh.xiyiji.aspect.LogLogicAspect   : =========================================== End ===========================================
2020-11-05 14:13:22.420  INFO 40194 --- [http-nio-8080-exec-2] com.sunjh.xiyiji.aspect.LogLogicAspect   : Time-Consuming : 174 ms
2020-11-05 14:13:22.420  INFO 40194 --- [http-nio-8080-exec-2] com.sunjh.xiyiji.aspect.LogLogicAspect   : result: hello logic!hello service! shige
2020-11-05 14:13:22.420  INFO 40194 --- [http-nio-8080-exec-2] c.s.xiyiji.aspect.LogControllerAspect    : =========================================== End ===========================================
2020-11-05 14:13:22.443  INFO 40194 --- [http-nio-8080-exec-2] c.s.xiyiji.aspect.LogControllerAspect    : Response Args  : {"code":"200","data":"hello logic!hello service! shige","message":"success","success":true}
2020-11-05 14:13:22.443  INFO 40194 --- [http-nio-8080-exec-2] c.s.xiyiji.aspect.LogControllerAspect    : Time-Consuming : 225 ms
2020-11-05 14:13:47.832  INFO 40194 --- [SpringContextShutdownHook] j.LocalContainerEntityManagerFactoryBean : Closing JPA EntityManagerFactory for persistence unit 'default'
2020-11-05 14:13:47.834  INFO 40194 --- [SpringContextShutdownHook] o.s.s.concurrent.ThreadPoolTaskExecutor  : Shutting down ExecutorService 'applicationTaskExecutor'
2020-11-05 14:13:47.835  INFO 40194 --- [SpringContextShutdownHook] com.zaxxer.hikari.HikariDataSource       : HikariPool-1 - Shutdown initiated...
2020-11-05 14:13:47.839  INFO 40194 --- [SpringContextShutdownHook] com.zaxxer.hikari.HikariDataSource       : HikariPool-1 - Shutdown completed.
2020-11-05 14:14:18.506  INFO 40260 --- [main] com.sunjh.xiyiji.XiyijiApplication       : Starting XiyijiApplication on sunjhdeMacBook-Pro.local with PID 40260 (/Users/sunjh/IdeaProjects/xiyiji/target/classes started by sunjh in /Users/sunjh/IdeaProjects/xiyiji)
2020-11-05 14:14:18.515  INFO 40260 --- [main] com.sunjh.xiyiji.XiyijiApplication       : No active profile set, falling back to default profiles: default
2020-11-05 14:14:18.948  INFO 40260 --- [main] .s.d.r.c.RepositoryConfigurationDelegate : Bootstrapping Spring Data JPA repositories in DEFERRED mode.
2020-11-05 14:14:18.998  INFO 40260 --- [main] .s.d.r.c.RepositoryConfigurationDelegate : Finished Spring Data repository scanning in 43ms. Found 1 JPA repository interfaces.
2020-11-05 14:14:19.599  INFO 40260 --- [main] o.s.b.w.embedded.tomcat.TomcatWebServer  : Tomcat initialized with port(s): 8080 (http)
2020-11-05 14:14:19.605  INFO 40260 --- [main] o.apache.catalina.core.StandardService   : Starting service [Tomcat]
2020-11-05 14:14:19.606  INFO 40260 --- [main] org.apache.catalina.core.StandardEngine  : Starting Servlet engine: [Apache Tomcat/9.0.38]
2020-11-05 14:14:19.652  INFO 40260 --- [main] o.a.c.c.C.[Tomcat].[localhost].[/]       : Initializing Spring embedded WebApplicationContext
2020-11-05 14:14:19.652  INFO 40260 --- [main] w.s.c.ServletWebServerApplicationContext : Root WebApplicationContext: initialization completed in 1111 ms
2020-11-05 14:14:19.799  INFO 40260 --- [main] o.s.s.concurrent.ThreadPoolTaskExecutor  : Initializing ExecutorService 'applicationTaskExecutor'
2020-11-05 14:14:19.826  INFO 40260 --- [main] com.zaxxer.hikari.HikariDataSource       : HikariPool-1 - Starting...
2020-11-05 14:14:20.578  INFO 40260 --- [main] com.zaxxer.hikari.HikariDataSource       : HikariPool-1 - Start completed.
2020-11-05 14:14:20.618  INFO 40260 --- [task-1] o.hibernate.jpa.internal.util.LogHelper  : HHH000204: Processing PersistenceUnitInfo [name: default]
2020-11-05 14:14:20.641  INFO 40260 --- [task-1] org.hibernate.Version                    : HHH000412: Hibernate ORM core version 5.4.21.Final
2020-11-05 14:14:20.744  WARN 40260 --- [main] JpaBaseConfiguration$JpaWebConfiguration : spring.jpa.open-in-view is enabled by default. Therefore, database queries may be performed during view rendering. Explicitly configure spring.jpa.open-in-view to disable this warning
2020-11-05 14:14:20.759  INFO 40260 --- [task-1] o.hibernate.annotations.common.Version   : HCANN000001: Hibernate Commons Annotations {5.1.0.Final}
2020-11-05 14:14:20.835  INFO 40260 --- [task-1] org.hibernate.dialect.Dialect            : HHH000400: Using dialect: org.hibernate.dialect.MySQL57Dialect
2020-11-05 14:14:21.143  INFO 40260 --- [task-1] o.h.e.t.j.p.i.JtaPlatformInitiator       : HHH000490: Using JtaPlatform implementation: [org.hibernate.engine.transaction.jta.platform.internal.NoJtaPlatform]
2020-11-05 14:14:21.151  INFO 40260 --- [task-1] j.LocalContainerEntityManagerFactoryBean : Initialized JPA EntityManagerFactory for persistence unit 'default'
2020-11-05 14:14:21.272  WARN 40260 --- [main] ion$DefaultTemplateResolverConfiguration : Cannot find template location: classpath:/templates/ (please add some templates or check your Thymeleaf configuration)
2020-11-05 14:14:21.578  INFO 40260 --- [main] o.s.b.w.embedded.tomcat.TomcatWebServer  : Tomcat started on port(s): 8080 (http) with context path ''
2020-11-05 14:14:21.579  INFO 40260 --- [main] DeferredRepositoryInitializationListener : Triggering deferred initialization of Spring Data repositories…
2020-11-05 14:14:21.978  INFO 40260 --- [main] DeferredRepositoryInitializationListener : Spring Data repositories initialized!
2020-11-05 14:14:21.986  INFO 40260 --- [main] com.sunjh.xiyiji.XiyijiApplication       : Started XiyijiApplication in 3.694 seconds (JVM running for 4.037)
2020-11-05 14:14:38.429  INFO 40260 --- [http-nio-8080-exec-2] o.a.c.c.C.[Tomcat].[localhost].[/]       : Initializing Spring DispatcherServlet 'dispatcherServlet'
2020-11-05 14:14:38.429  INFO 40260 --- [http-nio-8080-exec-2] o.s.web.servlet.DispatcherServlet        : Initializing Servlet 'dispatcherServlet'
2020-11-05 14:14:38.440  INFO 40260 --- [http-nio-8080-exec-2] o.s.web.servlet.DispatcherServlet        : Completed initialization in 11 ms
2020-11-05 14:14:38.485  INFO 40260 --- [http-nio-8080-exec-2] c.s.xiyiji.aspect.LogControllerAspect    : ========================================== Start ==========================================
2020-11-05 14:14:38.485  INFO 40260 --- [http-nio-8080-exec-2] c.s.xiyiji.aspect.LogControllerAspect    : URL            : http://127.0.0.1:8080/test/get
2020-11-05 14:14:38.485  INFO 40260 --- [http-nio-8080-exec-2] c.s.xiyiji.aspect.LogControllerAspect    : HTTP Method    : GET
2020-11-05 14:14:38.486  INFO 40260 --- [http-nio-8080-exec-2] c.s.xiyiji.aspect.LogControllerAspect    : Class Method   : com.sunjh.xiyiji.controller.TestController.testGet
2020-11-05 14:14:38.486  INFO 40260 --- [http-nio-8080-exec-2] c.s.xiyiji.aspect.LogControllerAspect    : IP             : 127.0.0.1
2020-11-05 14:14:38.486  INFO 40260 --- [http-nio-8080-exec-2] c.s.xiyiji.aspect.LogControllerAspect    : Request Args   : [1]
2020-11-05 14:14:38.490  INFO 40260 --- [http-nio-8080-exec-2] com.sunjh.xiyiji.aspect.LogLogicAspect   : ========================================== Start ==========================================
2020-11-05 14:14:38.490  INFO 40260 --- [http-nio-8080-exec-2] com.sunjh.xiyiji.aspect.LogLogicAspect   : Signature    : String com.sunjh.xiyiji.logic.impl.TestLogicImpl.sayHello(Long)
2020-11-05 14:14:38.491  INFO 40260 --- [http-nio-8080-exec-2] com.sunjh.xiyiji.aspect.LogLogicAspect   : Args         : [1]
2020-11-05 14:14:38.494  INFO 40260 --- [http-nio-8080-exec-2] c.sunjh.xiyiji.aspect.LogServiceAspect   : ========================================== Start ==========================================
2020-11-05 14:14:38.495  INFO 40260 --- [http-nio-8080-exec-2] c.sunjh.xiyiji.aspect.LogServiceAspect   : Signature    : String com.sunjh.xiyiji.service.impl.TestServiceImpl.sayHello(Long)
2020-11-05 14:14:38.495  INFO 40260 --- [http-nio-8080-exec-2] c.sunjh.xiyiji.aspect.LogServiceAspect   : Args         : [1]
2020-11-05 14:14:38.498  INFO 40260 --- [http-nio-8080-exec-2] com.sunjh.xiyiji.aspect.LogDaoAspect     : ========================================== Start ==========================================
2020-11-05 14:14:38.498  INFO 40260 --- [http-nio-8080-exec-2] com.sunjh.xiyiji.aspect.LogDaoAspect     : Signature    : Test com.sunjh.xiyiji.dao.TestDao.findOneById(Long)
2020-11-05 14:14:38.498  INFO 40260 --- [http-nio-8080-exec-2] com.sunjh.xiyiji.aspect.LogDaoAspect     : Args         : [1]
2020-11-05 14:14:38.662  INFO 40260 --- [http-nio-8080-exec-2] com.sunjh.xiyiji.aspect.LogDaoAspect     : =========================================== End ===========================================
2020-11-05 14:14:38.662  INFO 40260 --- [http-nio-8080-exec-2] com.sunjh.xiyiji.aspect.LogDaoAspect     : Time-Consuming : 164 ms
2020-11-05 14:14:38.663  INFO 40260 --- [http-nio-8080-exec-2] com.sunjh.xiyiji.aspect.LogDaoAspect     : result: Test(id=1, name=shige, value=MF1932001)
2020-11-05 14:14:38.663  INFO 40260 --- [http-nio-8080-exec-2] c.sunjh.xiyiji.aspect.LogServiceAspect   : =========================================== End ===========================================
2020-11-05 14:14:38.663  INFO 40260 --- [http-nio-8080-exec-2] c.sunjh.xiyiji.aspect.LogServiceAspect   : Time-Consuming : 169 ms
2020-11-05 14:14:38.663  INFO 40260 --- [http-nio-8080-exec-2] c.sunjh.xiyiji.aspect.LogServiceAspect   : result: hello service! shige
2020-11-05 14:14:38.663  INFO 40260 --- [http-nio-8080-exec-2] com.sunjh.xiyiji.aspect.LogLogicAspect   : =========================================== End ===========================================
2020-11-05 14:14:38.663  INFO 40260 --- [http-nio-8080-exec-2] com.sunjh.xiyiji.aspect.LogLogicAspect   : Time-Consuming : 173 ms
2020-11-05 14:14:38.663  INFO 40260 --- [http-nio-8080-exec-2] com.sunjh.xiyiji.aspect.LogLogicAspect   : result: hello logic!hello service! shige
2020-11-05 14:14:38.663  INFO 40260 --- [http-nio-8080-exec-2] c.s.xiyiji.aspect.LogControllerAspect    : =========================================== End ===========================================
2020-11-05 14:14:38.684  INFO 40260 --- [http-nio-8080-exec-2] c.s.xiyiji.aspect.LogControllerAspect    : Response Args  : {"code":"200","data":"hello logic!hello service! shige","message":"success","success":true}
2020-11-05 14:14:38.684  INFO 40260 --- [http-nio-8080-exec-2] c.s.xiyiji.aspect.LogControllerAspect    : Time-Consuming : 223 ms
